Using pre-set license
Built from '2022.2/staging' branch; Version is '2022.2.11f1 (621cd60d08fd) revision 6429910'; Using compiler version '192829333'; Build Type 'Release'
OS: 'Windows 10  (10.0.19044) 64bit Professional' Language: 'en' Physical Memory: 16330 MB
BatchMode: 1, IsHumanControllingUs: 0, StartBugReporterOnCrash: 0, Is64bit: 1, IsPro: 1

COMMAND LINE ARGUMENTS:
C:\Program Files\Unity\Hub\Editor\2022.2.11f1\Editor\Unity.exe
-adb2
-batchMode
-noUpm
-name
AssetImportWorker0
-projectPath
C:/~/Projects/Code/Engine/Qurotema/Qurotema 2
-logFile
Logs/AssetImportWorker0.log
-srvPort
51578
Successfully changed project path to: C:/~/Projects/Code/Engine/Qurotema/Qurotema 2
C:/~/Projects/Code/Engine/Qurotema/Qurotema 2
[UnityMemory] Configuration Parameters - Can be set up in boot.config
    "memorysetup-bucket-allocator-granularity=16"
    "memorysetup-bucket-allocator-bucket-count=8"
    "memorysetup-bucket-allocator-block-size=33554432"
    "memorysetup-bucket-allocator-block-count=8"
    "memorysetup-main-allocator-block-size=16777216"
    "memorysetup-thread-allocator-block-size=16777216"
    "memorysetup-gfx-main-allocator-block-size=16777216"
    "memorysetup-gfx-thread-allocator-block-size=16777216"
    "memorysetup-cache-allocator-block-size=4194304"
    "memorysetup-typetree-allocator-block-size=2097152"
    "memorysetup-profiler-bucket-allocator-granularity=16"
    "memorysetup-profiler-bucket-allocator-bucket-count=8"
    "memorysetup-profiler-bucket-allocator-block-size=33554432"
    "memorysetup-profiler-bucket-allocator-block-count=8"
    "memorysetup-profiler-allocator-block-size=16777216"
    "memorysetup-profiler-editor-allocator-block-size=1048576"
    "memorysetup-temp-allocator-size-main=16777216"
    "memorysetup-job-temp-allocator-block-size=2097152"
    "memorysetup-job-temp-allocator-block-size-background=1048576"
    "memorysetup-job-temp-allocator-reduction-small-platforms=262144"
    "memorysetup-temp-allocator-size-background-worker=32768"
    "memorysetup-temp-allocator-size-job-worker=262144"
    "memorysetup-temp-allocator-size-preload-manager=33554432"
    "memorysetup-temp-allocator-size-nav-mesh-worker=65536"
    "memorysetup-temp-allocator-size-audio-worker=65536"
    "memorysetup-temp-allocator-size-cloud-worker=32768"
    "memorysetup-temp-allocator-size-gi-baking-worker=262144"
    "memorysetup-temp-allocator-size-gfx=262144"
Player connection [5892] Host "[IP] 192.168.0.16 [Port] 0 [Flags] 2 [Guid] 4034721994 [EditorId] 4034721994 [Version] 1048832 [Id] WindowsEditor(7,DESKTOP-3BG6OR5) [Debug] 1 [PackageName] WindowsEditor [ProjectName] Editor" joined multi-casting on [225.0.0.222:54997]...

Player connection [5892] Host "[IP] 192.168.0.16 [Port] 0 [Flags] 2 [Guid] 4034721994 [EditorId] 4034721994 [Version] 1048832 [Id] WindowsEditor(7,DESKTOP-3BG6OR5) [Debug] 1 [PackageName] WindowsEditor [ProjectName] Editor" joined alternative multi-casting on [225.0.0.222:34997]...

Refreshing native plugins compatible for Editor in 3.61 ms, found 0 plugins.
Preloading 0 native plugins for Editor in 0.00 ms.
Initialize engine version: 2022.2.11f1 (621cd60d08fd)
[Subsystems] Discovering subsystems at path C:/Program Files/Unity/Hub/Editor/2022.2.11f1/Editor/Data/Resources/UnitySubsystems
[Subsystems] Discovering subsystems at path C:/~/Projects/Code/Engine/Qurotema/Qurotema 2/Assets
GfxDevice: creating device client; threaded=0; jobified=0
Direct3D:
    Version:  Direct3D 11.0 [level 11.1]
    Renderer: NVIDIA GeForce RTX 3080 (ID=0x2206)
    Vendor:   NVIDIA
    VRAM:     10067 MB
    Driver:   31.0.15.2849
Initialize mono
Mono path[0] = 'C:/Program Files/Unity/Hub/Editor/2022.2.11f1/Editor/Data/Managed'
Mono path[1] = 'C:/Program Files/Unity/Hub/Editor/2022.2.11f1/Editor/Data/MonoBleedingEdge/lib/mono/unityjit-win32'
Mono config path = 'C:/Program Files/Unity/Hub/Editor/2022.2.11f1/Editor/Data/MonoBleedingEdge/etc'
Using monoOptions --debugger-agent=transport=dt_socket,embedding=1,server=y,suspend=n,address=127.0.0.1:56348
Begin MonoManager ReloadAssembly
Registering precompiled unity dll's ...
Register platform support module: C:/Program Files/Unity/Hub/Editor/2022.2.11f1/Editor/Data/PlaybackEngines/WindowsStandaloneSupport/UnityEditor.WindowsStandalone.Extensions.dll
Registered in 0.007641 seconds.
- Loaded All Assemblies, in  0.239 seconds
Native extension for WindowsStandalone target not found
Mono: successfully reloaded assembly
- Finished resetting the current domain, in  0.194 seconds
Domain Reload Profiling:
	ReloadAssembly (146ms)
		BeginReloadAssembly (65ms)
			ExecutionOrderSort (0ms)
			DisableScriptedObjects (0ms)
			BackupInstance (0ms)
			ReleaseScriptingObjects (0ms)
			CreateAndSetChildDomain (1ms)
		LoadAllAssembliesAndSetupDomain (0ms)
			LoadAssemblies (63ms)
			RebuildTransferFunctionScriptingTraits (0ms)
			SetupTypeCache (86ms)
				TypeCache.Initialize (85ms)
					TypeCache.ScanAssembly (84ms)
				ResolveRequiredComponents (0ms)
		FinalizeReload (0ms)
			ReleaseScriptCaches (0ms)
			RebuildScriptCaches (0ms)
			SetupLoadedEditorAssemblies (153ms)
				LogAssemblyErrors (0ms)
				InitializePlatformSupportModulesInManaged (7ms)
				SetLoadedEditorAssemblies (5ms)
				RefreshPlugins (0ms)
				BeforeProcessingInitializeOnLoad (1ms)
				ProcessInitializeOnLoadAttributes (100ms)
				ProcessInitializeOnLoadMethodAttributes (40ms)
				AfterProcessingInitializeOnLoad (0ms)
				EditorAssembliesLoaded (0ms)
			ExecutionOrderSort2 (0ms)
			AwakeInstancesAfterBackupRestoration (0ms)
========================================================================
Worker process is ready to serve import requests
Begin MonoManager ReloadAssembly
- Loaded All Assemblies, in  0.442 seconds
Refreshing native plugins compatible for Editor in 1.36 ms, found 0 plugins.
Native extension for WindowsStandalone target not found
Mono: successfully reloaded assembly
- Finished resetting the current domain, in  0.566 seconds
Domain Reload Profiling:
	ReloadAssembly (155ms)
		BeginReloadAssembly (97ms)
			ExecutionOrderSort (0ms)
			DisableScriptedObjects (5ms)
			BackupInstance (0ms)
			ReleaseScriptingObjects (0ms)
			CreateAndSetChildDomain (18ms)
		LoadAllAssembliesAndSetupDomain (283ms)
			LoadAssemblies (158ms)
			RebuildTransferFunctionScriptingTraits (0ms)
			SetupTypeCache (167ms)
				TypeCache.Initialize (144ms)
					TypeCache.ScanAssembly (141ms)
				ResolveRequiredComponents (11ms)
		FinalizeReload (0ms)
			ReleaseScriptCaches (0ms)
			RebuildScriptCaches (0ms)
			SetupLoadedEditorAssemblies (421ms)
				LogAssemblyErrors (0ms)
				InitializePlatformSupportModulesInManaged (5ms)
				SetLoadedEditorAssemblies (3ms)
				RefreshPlugins (0ms)
				BeforeProcessingInitializeOnLoad (52ms)
				ProcessInitializeOnLoadAttributes (175ms)
				ProcessInitializeOnLoadMethodAttributes (179ms)
				AfterProcessingInitializeOnLoad (8ms)
				EditorAssembliesLoaded (0ms)
			ExecutionOrderSort2 (0ms)
			AwakeInstancesAfterBackupRestoration (7ms)
Launched and connected shader compiler UnityShaderCompiler.exe after 0.04 seconds
Refreshing native plugins compatible for Editor in 1.39 ms, found 0 plugins.
Preloading 0 native plugins for Editor in 0.00 ms.
Unloading 4024 Unused Serialized files (Serialized files now loaded: 0)
Unloading 67 unused Assets / (1.3 MB). Loaded Objects now: 4528.
Memory consumption went from 236.4 MB to 235.1 MB.
Total: 2.845500 ms (FindLiveObjects: 0.258600 ms CreateObjectMapping: 0.105400 ms MarkObjects: 2.211600 ms  DeleteObjects: 0.269200 ms)

AssetImportParameters requested are different than current active one (requested -> active):
  custom:container-demuxer-ogg: 62fdf1f143b41e24485cea50d1cbac27 -> 
  custom:video-decoder-ogg-theora: a1e56fd34408186e4bbccfd4996cb3dc -> 
  custom:framework-win-MediaFoundation: 216162199b28c13a410421893ffa2e32 -> 
  custom:container-demuxer-webm: 4f35f7cbe854078d1ac9338744f61a02 -> 
  custom:container-muxer-webm: aa71ff27fc2769a1b78a27578f13a17b -> 
  custom:video-decoder-webm-vp8: 9c59270c3fd7afecdb556c50c9e8de78 -> 
  custom:AudioImporter_EditorPlatform: d09bf68614088b80899f8185d706f6e7 -> 
  custom:video-encoder-webm-vp8: eb34c28f22e8b96e1ab97ce403110664 -> 
  custom:audio-decoder-ogg-vorbis: bf7c407c2cedff20999df2af8eb42d56 -> 
  custom:audio-encoder-webm-vorbis: bf7c407c2cedff20999df2af8eb42d56 -> 
========================================================================
Received Import Request.
  Time since last request: 301660.457722 seconds.
  path: Assets/Environment/Structures/Gates/Gates.mat
  artifactKey: Guid(271b33a59f90c9f42bbe6b1277e98c5f) Importer(815301076,1909f56bfc062723c751e8b465ee728b)
Start importing Assets/Environment/Structures/Gates/Gates.mat using Guid(271b33a59f90c9f42bbe6b1277e98c5f) Importer(815301076,1909f56bfc062723c751e8b465ee728b)  -> (artifact id: '867ce805de6e78bc50ae186da321f4c2') in 0.561208 seconds 
Number of updated asset objects reloaded before import = 0
Number of asset objects unloaded after import = 2
========================================================================
Received Import Request.
  Time since last request: 66.893956 seconds.
  path: Packages/com.unity.render-pipelines.high-definition/Runtime/RenderPipelineResources/ShaderGraph/DefaultFogVolume.shadergraph
  artifactKey: Guid(95060fe3e070428418e64e6bed27b111) Importer(815301076,1909f56bfc062723c751e8b465ee728b)
Start importing Packages/com.unity.render-pipelines.high-definition/Runtime/RenderPipelineResources/ShaderGraph/DefaultFogVolume.shadergraph using Guid(95060fe3e070428418e64e6bed27b111) Importer(815301076,1909f56bfc062723c751e8b465ee728b)  -> (artifact id: '9634bea2412188cad18a01db86abebc1') in 0.009466 seconds 
Number of updated asset objects reloaded before import = 0
Number of asset objects unloaded after import = 1
========================================================================
Received Import Request.
  Time since last request: 7.387866 seconds.
  path: Assets/Compositor
  artifactKey: Guid(8b80ce98773cf8549b377391750b2aff) Importer(815301076,1909f56bfc062723c751e8b465ee728b)
Start importing Assets/Compositor using Guid(8b80ce98773cf8549b377391750b2aff) Importer(815301076,1909f56bfc062723c751e8b465ee728b)  -> (artifact id: 'fd7f2a7e09f5f33a4d2a8f9bb6cc9910') in 0.000448 seconds 
Number of updated asset objects reloaded before import = 0
Number of asset objects unloaded after import = 0
========================================================================
Received Import Request.
  Time since last request: 0.032506 seconds.
  path: Assets/Compositor/DefaultCompositionGraph.asset
  artifactKey: Guid(3394ff00369fb0548a4a55d02d8c8304) Importer(815301076,1909f56bfc062723c751e8b465ee728b)
Start importing Assets/Compositor/DefaultCompositionGraph.asset using Guid(3394ff00369fb0548a4a55d02d8c8304) Importer(815301076,1909f56bfc062723c751e8b465ee728b)  -> (artifact id: '158cc4223f4bd930794bb6378b86ca25') in 0.001531 seconds 
Number of updated asset objects reloaded before import = 0
Number of asset objects unloaded after import = 1
========================================================================
Received Import Request.
  Time since last request: 11.458454 seconds.
  path: Assets/Environment/Terrain/Ribbons.mat
  artifactKey: Guid(0c5df795b3446004cadb0671b5e3bc5b) Importer(815301076,1909f56bfc062723c751e8b465ee728b)
Start importing Assets/Environment/Terrain/Ribbons.mat using Guid(0c5df795b3446004cadb0671b5e3bc5b) Importer(815301076,1909f56bfc062723c751e8b465ee728b)  -> (artifact id: 'eb373d1212cf9a830834a871dea99c4d') in 0.016162 seconds 
Number of updated asset objects reloaded before import = 0
Number of asset objects unloaded after import = 1
========================================================================
Received Import Request.
  Time since last request: 0.000022 seconds.
  path: Assets/Environment/Terrain/Terrain.mat
  artifactKey: Guid(17839d6f821769f45ace4df218da3386) Importer(815301076,1909f56bfc062723c751e8b465ee728b)
Start importing Assets/Environment/Terrain/Terrain.mat using Guid(17839d6f821769f45ace4df218da3386) Importer(815301076,1909f56bfc062723c751e8b465ee728b)  -> (artifact id: '6033083498561251a7dd9157e56dcbd7') in 0.013980 seconds 
Number of updated asset objects reloaded before import = 0
Number of asset objects unloaded after import = 1
========================================================================
Received Import Request.
  Time since last request: 1.209755 seconds.
  path: Assets/Environment/Ocean
  artifactKey: Guid(06e0986ac1b371447b1590ab602870c4) Importer(815301076,1909f56bfc062723c751e8b465ee728b)
Start importing Assets/Environment/Ocean using Guid(06e0986ac1b371447b1590ab602870c4) Importer(815301076,1909f56bfc062723c751e8b465ee728b)  -> (artifact id: '9e7cc09ccab1d93477979e88c2be5777') in 0.000474 seconds 
Number of updated asset objects reloaded before import = 0
Number of asset objects unloaded after import = 0
========================================================================
Received Import Request.
  Time since last request: 2.876079 seconds.
  path: Assets/Environment/Rocks
  artifactKey: Guid(03fe5d190c1fdfc41bc4da052dacdd71) Importer(815301076,1909f56bfc062723c751e8b465ee728b)
Start importing Assets/Environment/Rocks using Guid(03fe5d190c1fdfc41bc4da052dacdd71) Importer(815301076,1909f56bfc062723c751e8b465ee728b)  -> (artifact id: 'ec9e7ede895fcf16d90c8533776923d2') in 0.000466 seconds 
Number of updated asset objects reloaded before import = 0
Number of asset objects unloaded after import = 0
========================================================================
Received Import Request.
  Time since last request: 1.496388 seconds.
  path: Assets/Environment/Rocks/Hex
  artifactKey: Guid(423c85118eaa3b846a11e24a301c84ef) Importer(815301076,1909f56bfc062723c751e8b465ee728b)
Start importing Assets/Environment/Rocks/Hex using Guid(423c85118eaa3b846a11e24a301c84ef) Importer(815301076,1909f56bfc062723c751e8b465ee728b)  -> (artifact id: '7a7aa75ff08d506f07132846e71edca6') in 0.000728 seconds 
Number of updated asset objects reloaded before import = 0
Number of asset objects unloaded after import = 0
========================================================================
Received Import Request.
  Time since last request: 6.529005 seconds.
  path: Assets/Environment/Sky
  artifactKey: Guid(534c4f6017463e4408d1ec43691648bb) Importer(815301076,1909f56bfc062723c751e8b465ee728b)
Start importing Assets/Environment/Sky using Guid(534c4f6017463e4408d1ec43691648bb) Importer(815301076,1909f56bfc062723c751e8b465ee728b)  -> (artifact id: 'b0e3dfb18f47316502f482bad8826534') in 0.000826 seconds 
Number of updated asset objects reloaded before import = 0
Number of asset objects unloaded after import = 0
========================================================================
Received Import Request.
  Time since last request: 0.042700 seconds.
  path: Assets/Environment/Sky/Sun.mat
  artifactKey: Guid(ccd7c8fa265acfd4e9376edd1e7a8fec) Importer(815301076,1909f56bfc062723c751e8b465ee728b)
Start importing Assets/Environment/Sky/Sun.mat using Guid(ccd7c8fa265acfd4e9376edd1e7a8fec) Importer(815301076,1909f56bfc062723c751e8b465ee728b)  -> (artifact id: '6ef3cf449ab080e1f54ee1b1993ad192') in 0.011045 seconds 
Number of updated asset objects reloaded before import = 0
Number of asset objects unloaded after import = 1
========================================================================
Received Import Request.
  Time since last request: 215.604742 seconds.
  path: Assets/Nox/Strings/String.mat
  artifactKey: Guid(7d8531fdec4fdf1459e92274b04464d8) Importer(815301076,1909f56bfc062723c751e8b465ee728b)
Start importing Assets/Nox/Strings/String.mat using Guid(7d8531fdec4fdf1459e92274b04464d8) Importer(815301076,1909f56bfc062723c751e8b465ee728b)  -> (artifact id: '22e79a57fcac5c2059432f26072fda4f') in 0.015512 seconds 
Number of updated asset objects reloaded before import = 0
Number of asset objects unloaded after import = 2
========================================================================
Received Import Request.
  Time since last request: 12.853069 seconds.
  path: Assets/Nox/Strings/String.shadergraph
  artifactKey: Guid(062da3145a62bea4bb0c313294353a41) Importer(815301076,1909f56bfc062723c751e8b465ee728b)
Start importing Assets/Nox/Strings/String.shadergraph using Guid(062da3145a62bea4bb0c313294353a41) Importer(815301076,1909f56bfc062723c751e8b465ee728b)  -> (artifact id: '035ddc458244c7d52ac17bf4d77e9c47') in 0.010509 seconds 
Number of updated asset objects reloaded before import = 0
Number of asset objects unloaded after import = 2
========================================================================
Received Import Request.
  Time since last request: 13.866245 seconds.
  path: Assets/Nox/Rings
  artifactKey: Guid(266a5a7c50d1a8942896c607ead5eacb) Importer(815301076,1909f56bfc062723c751e8b465ee728b)
Start importing Assets/Nox/Rings using Guid(266a5a7c50d1a8942896c607ead5eacb) Importer(815301076,1909f56bfc062723c751e8b465ee728b)  -> (artifact id: 'a0cb562ca4be65a2ea458b04b65b532d') in 0.000531 seconds 
Number of updated asset objects reloaded before import = 0
Number of asset objects unloaded after import = 0
========================================================================
Received Import Request.
  Time since last request: 10.292247 seconds.
  path: Assets/Nox/Pads/Pad Light.mat
  artifactKey: Guid(09dfaa0cffd8b3e45b86269c689ff641) Importer(815301076,1909f56bfc062723c751e8b465ee728b)
Start importing Assets/Nox/Pads/Pad Light.mat using Guid(09dfaa0cffd8b3e45b86269c689ff641) Importer(815301076,1909f56bfc062723c751e8b465ee728b)  -> (artifact id: '99cc855bb78d0ae8e679a899f85acf2e') in 0.014665 seconds 
Number of updated asset objects reloaded before import = 1
Number of asset objects unloaded after import = 1
========================================================================
Received Import Request.
  Time since last request: 7.451646 seconds.
  path: Assets/Environment/Prefabs/Sequences.prefab
  artifactKey: Guid(b4cf7884f372b554ba6f33aeff423992) Importer(815301076,1909f56bfc062723c751e8b465ee728b)
Start importing Assets/Environment/Prefabs/Sequences.prefab using Guid(b4cf7884f372b554ba6f33aeff423992) Importer(815301076,1909f56bfc062723c751e8b465ee728b)  -> (artifact id: 'faaf5ccaa9b6531b2f36bf0466cf9721') in 0.036809 seconds 
Number of updated asset objects reloaded before import = 0
Number of asset objects unloaded after import = 634
========================================================================
Received Import Request.
  Time since last request: 40.071258 seconds.
  path: Assets/Nox/Pads/Pads.prefab
  artifactKey: Guid(b4cf7884f372b554ba6f33aeff423992) Importer(815301076,1909f56bfc062723c751e8b465ee728b)
Start importing Assets/Nox/Pads/Pads.prefab using Guid(b4cf7884f372b554ba6f33aeff423992) Importer(815301076,1909f56bfc062723c751e8b465ee728b)  -> (artifact id: '1e138fb23360840554d38d3d24cc22a9') in 0.024798 seconds 
Number of updated asset objects reloaded before import = 0
Number of asset objects unloaded after import = 634
========================================================================
Received Prepare
Begin MonoManager ReloadAssembly
- Loaded All Assemblies, in  0.456 seconds
Refreshing native plugins compatible for Editor in 1.12 ms, found 0 plugins.
Native extension for WindowsStandalone target not found
Mono: successfully reloaded assembly
- Finished resetting the current domain, in  0.841 seconds
Domain Reload Profiling:
	ReloadAssembly (200ms)
		BeginReloadAssembly (142ms)
			ExecutionOrderSort (0ms)
			DisableScriptedObjects (21ms)
			BackupInstance (0ms)
			ReleaseScriptingObjects (0ms)
			CreateAndSetChildDomain (37ms)
		LoadAllAssembliesAndSetupDomain (253ms)
			LoadAssemblies (148ms)
			RebuildTransferFunctionScriptingTraits (0ms)
			SetupTypeCache (151ms)
				TypeCache.Initialize (141ms)
					TypeCache.ScanAssembly (138ms)
				ResolveRequiredComponents (6ms)
		FinalizeReload (0ms)
			ReleaseScriptCaches (0ms)
			RebuildScriptCaches (0ms)
			SetupLoadedEditorAssemblies (258ms)
				LogAssemblyErrors (0ms)
				InitializePlatformSupportModulesInManaged (6ms)
				SetLoadedEditorAssemblies (2ms)
				RefreshPlugins (0ms)
				BeforeProcessingInitializeOnLoad (54ms)
				ProcessInitializeOnLoadAttributes (161ms)
				ProcessInitializeOnLoadMethodAttributes (27ms)
				AfterProcessingInitializeOnLoad (9ms)
				EditorAssembliesLoaded (0ms)
			ExecutionOrderSort2 (0ms)
			AwakeInstancesAfterBackupRestoration (37ms)
Refreshing native plugins compatible for Editor in 1.43 ms, found 0 plugins.
Preloading 0 native plugins for Editor in 0.00 ms.
Unloading 3640 Unused Serialized files (Serialized files now loaded: 0)
Unloading 71 unused Assets / (3.6 MB). Loaded Objects now: 4655.
Memory consumption went from 198.3 MB to 194.8 MB.
Total: 4.860600 ms (FindLiveObjects: 0.415300 ms CreateObjectMapping: 0.143200 ms MarkObjects: 3.441500 ms  DeleteObjects: 0.859700 ms)

Prepare: number of updated asset objects reloaded= 0
AssetImportParameters requested are different than current active one (requested -> active):
  custom:container-demuxer-ogg: 62fdf1f143b41e24485cea50d1cbac27 -> 
  custom:video-decoder-ogg-theora: a1e56fd34408186e4bbccfd4996cb3dc -> 
  custom:framework-win-MediaFoundation: 216162199b28c13a410421893ffa2e32 -> 
  custom:container-demuxer-webm: 4f35f7cbe854078d1ac9338744f61a02 -> 
  custom:container-muxer-webm: aa71ff27fc2769a1b78a27578f13a17b -> 
  custom:video-decoder-webm-vp8: 9c59270c3fd7afecdb556c50c9e8de78 -> 
  custom:AudioImporter_EditorPlatform: d09bf68614088b80899f8185d706f6e7 -> 
  custom:video-encoder-webm-vp8: eb34c28f22e8b96e1ab97ce403110664 -> 
  custom:audio-decoder-ogg-vorbis: bf7c407c2cedff20999df2af8eb42d56 -> 
  custom:audio-encoder-webm-vorbis: bf7c407c2cedff20999df2af8eb42d56 -> 
========================================================================
Received Prepare
Begin MonoManager ReloadAssembly
- Loaded All Assemblies, in  0.420 seconds
Refreshing native plugins compatible for Editor in 1.22 ms, found 0 plugins.
Native extension for WindowsStandalone target not found
Mono: successfully reloaded assembly
- Finished resetting the current domain, in  0.867 seconds
Domain Reload Profiling:
	ReloadAssembly (167ms)
		BeginReloadAssembly (112ms)
			ExecutionOrderSort (0ms)
			DisableScriptedObjects (6ms)
			BackupInstance (0ms)
			ReleaseScriptingObjects (0ms)
			CreateAndSetChildDomain (27ms)
		LoadAllAssembliesAndSetupDomain (250ms)
			LoadAssemblies (146ms)
			RebuildTransferFunctionScriptingTraits (0ms)
			SetupTypeCache (144ms)
				TypeCache.Initialize (134ms)
					TypeCache.ScanAssembly (131ms)
				ResolveRequiredComponents (6ms)
		FinalizeReload (0ms)
			ReleaseScriptCaches (0ms)
			RebuildScriptCaches (0ms)
			SetupLoadedEditorAssemblies (245ms)
				LogAssemblyErrors (0ms)
				InitializePlatformSupportModulesInManaged (6ms)
				SetLoadedEditorAssemblies (2ms)
				RefreshPlugins (0ms)
				BeforeProcessingInitializeOnLoad (53ms)
				ProcessInitializeOnLoadAttributes (149ms)
				ProcessInitializeOnLoadMethodAttributes (27ms)
				AfterProcessingInitializeOnLoad (8ms)
				EditorAssembliesLoaded (0ms)
			ExecutionOrderSort2 (0ms)
			AwakeInstancesAfterBackupRestoration (34ms)
Refreshing native plugins compatible for Editor in 1.51 ms, found 0 plugins.
Preloading 0 native plugins for Editor in 0.00 ms.
Unloading 3656 Unused Serialized files (Serialized files now loaded: 0)
Unloading 57 unused Assets / (3.5 MB). Loaded Objects now: 4658.
Memory consumption went from 198.6 MB to 195.1 MB.
Total: 3.220600 ms (FindLiveObjects: 0.274600 ms CreateObjectMapping: 0.087500 ms MarkObjects: 2.313700 ms  DeleteObjects: 0.544100 ms)

Prepare: number of updated asset objects reloaded= 0
AssetImportParameters requested are different than current active one (requested -> active):
  custom:container-demuxer-ogg: 62fdf1f143b41e24485cea50d1cbac27 -> 
  custom:video-decoder-ogg-theora: a1e56fd34408186e4bbccfd4996cb3dc -> 
  custom:framework-win-MediaFoundation: 216162199b28c13a410421893ffa2e32 -> 
  custom:container-demuxer-webm: 4f35f7cbe854078d1ac9338744f61a02 -> 
  custom:container-muxer-webm: aa71ff27fc2769a1b78a27578f13a17b -> 
  custom:video-decoder-webm-vp8: 9c59270c3fd7afecdb556c50c9e8de78 -> 
  custom:AudioImporter_EditorPlatform: d09bf68614088b80899f8185d706f6e7 -> 
  custom:video-encoder-webm-vp8: eb34c28f22e8b96e1ab97ce403110664 -> 
  custom:audio-decoder-ogg-vorbis: bf7c407c2cedff20999df2af8eb42d56 -> 
  custom:audio-encoder-webm-vorbis: bf7c407c2cedff20999df2af8eb42d56 -> 
========================================================================
Received Prepare
Begin MonoManager ReloadAssembly
- Loaded All Assemblies, in  0.413 seconds
Refreshing native plugins compatible for Editor in 1.21 ms, found 0 plugins.
Native extension for WindowsStandalone target not found
Mono: successfully reloaded assembly
- Finished resetting the current domain, in  0.784 seconds
Domain Reload Profiling:
	ReloadAssembly (165ms)
		BeginReloadAssembly (111ms)
			ExecutionOrderSort (0ms)
			DisableScriptedObjects (6ms)
			BackupInstance (0ms)
			ReleaseScriptingObjects (0ms)
			CreateAndSetChildDomain (27ms)
		LoadAllAssembliesAndSetupDomain (245ms)
			LoadAssemblies (145ms)
			RebuildTransferFunctionScriptingTraits (0ms)
			SetupTypeCache (141ms)
				TypeCache.Initialize (131ms)
					TypeCache.ScanAssembly (128ms)
				ResolveRequiredComponents (6ms)
		FinalizeReload (0ms)
			ReleaseScriptCaches (0ms)
			RebuildScriptCaches (0ms)
			SetupLoadedEditorAssemblies (255ms)
				LogAssemblyErrors (0ms)
				InitializePlatformSupportModulesInManaged (6ms)
				SetLoadedEditorAssemblies (2ms)
				RefreshPlugins (0ms)
				BeforeProcessingInitializeOnLoad (54ms)
				ProcessInitializeOnLoadAttributes (159ms)
				ProcessInitializeOnLoadMethodAttributes (26ms)
				AfterProcessingInitializeOnLoad (7ms)
				EditorAssembliesLoaded (0ms)
			ExecutionOrderSort2 (0ms)
			AwakeInstancesAfterBackupRestoration (37ms)
Refreshing native plugins compatible for Editor in 1.32 ms, found 0 plugins.
Preloading 0 native plugins for Editor in 0.00 ms.
Unloading 3656 Unused Serialized files (Serialized files now loaded: 0)
Unloading 57 unused Assets / (3.5 MB). Loaded Objects now: 4661.
Memory consumption went from 198.6 MB to 195.1 MB.
Total: 3.774000 ms (FindLiveObjects: 0.303400 ms CreateObjectMapping: 0.212400 ms MarkObjects: 2.600100 ms  DeleteObjects: 0.657100 ms)

Prepare: number of updated asset objects reloaded= 0
AssetImportParameters requested are different than current active one (requested -> active):
  custom:container-demuxer-ogg: 62fdf1f143b41e24485cea50d1cbac27 -> 
  custom:video-decoder-ogg-theora: a1e56fd34408186e4bbccfd4996cb3dc -> 
  custom:framework-win-MediaFoundation: 216162199b28c13a410421893ffa2e32 -> 
  custom:container-demuxer-webm: 4f35f7cbe854078d1ac9338744f61a02 -> 
  custom:container-muxer-webm: aa71ff27fc2769a1b78a27578f13a17b -> 
  custom:video-decoder-webm-vp8: 9c59270c3fd7afecdb556c50c9e8de78 -> 
  custom:AudioImporter_EditorPlatform: d09bf68614088b80899f8185d706f6e7 -> 
  custom:video-encoder-webm-vp8: eb34c28f22e8b96e1ab97ce403110664 -> 
  custom:audio-decoder-ogg-vorbis: bf7c407c2cedff20999df2af8eb42d56 -> 
  custom:audio-encoder-webm-vorbis: bf7c407c2cedff20999df2af8eb42d56 -> 
========================================================================
Received Import Request.
  Time since last request: 53.407701 seconds.
  path: Assets/Environment/Structures/Pads/Pads.prefab
  artifactKey: Guid(b4cf7884f372b554ba6f33aeff423992) Importer(815301076,1909f56bfc062723c751e8b465ee728b)
Start importing Assets/Environment/Structures/Pads/Pads.prefab using Guid(b4cf7884f372b554ba6f33aeff423992) Importer(815301076,1909f56bfc062723c751e8b465ee728b)  -> (artifact id: '81616b627178ee59bbf21cefc7dc0b57') in 0.507929 seconds 
Number of updated asset objects reloaded before import = 0
Number of asset objects unloaded after import = 683
========================================================================
Received Import Request.
  Time since last request: 3.820374 seconds.
  path: Assets/Environment/Structures/Rings/Rings.prefab
  artifactKey: Guid(56a71d51cb1f2a9419a44f06c6019346) Importer(815301076,1909f56bfc062723c751e8b465ee728b)
Start importing Assets/Environment/Structures/Rings/Rings.prefab using Guid(56a71d51cb1f2a9419a44f06c6019346) Importer(815301076,1909f56bfc062723c751e8b465ee728b)  -> (artifact id: '8d1cb5e16874827255fb2b5dcec9b126') in 0.022995 seconds 
Number of updated asset objects reloaded before import = 0
Number of asset objects unloaded after import = 108
========================================================================
Received Import Request.
  Time since last request: 2.412959 seconds.
  path: Assets/Environment/Structures/Strings/String.prefab
  artifactKey: Guid(19b223d55b282314596ef584d8206ff5) Importer(815301076,1909f56bfc062723c751e8b465ee728b)
Start importing Assets/Environment/Structures/Strings/String.prefab using Guid(19b223d55b282314596ef584d8206ff5) Importer(815301076,1909f56bfc062723c751e8b465ee728b)  -> (artifact id: 'e72fd06f2602b082391c01636665b575') in 0.016839 seconds 
Number of updated asset objects reloaded before import = 0
Number of asset objects unloaded after import = 10
========================================================================
Received Import Request.
  Time since last request: 11.511807 seconds.
  path: Assets/Nox/EndStart.cs
  artifactKey: Guid(60ef5c985533c414bbfbf5aa54514f2a) Importer(815301076,1909f56bfc062723c751e8b465ee728b)
Start importing Assets/Nox/EndStart.cs using Guid(60ef5c985533c414bbfbf5aa54514f2a) Importer(815301076,1909f56bfc062723c751e8b465ee728b)  -> (artifact id: 'e7baee604dc537b86339e7259e81bdd1') in 0.000500 seconds 
Number of updated asset objects reloaded before import = 0
Number of asset objects unloaded after import = 0
========================================================================
Received Import Request.
  Time since last request: 3.409171 seconds.
  path: Assets/Player
  artifactKey: Guid(561b3b1e33dffdb44bbcb1ac2612ad59) Importer(815301076,1909f56bfc062723c751e8b465ee728b)
Start importing Assets/Player using Guid(561b3b1e33dffdb44bbcb1ac2612ad59) Importer(815301076,1909f56bfc062723c751e8b465ee728b)  -> (artifact id: 'c82adb289340c9e3a84fda46139e172d') in 0.000526 seconds 
Number of updated asset objects reloaded before import = 0
Number of asset objects unloaded after import = 0
========================================================================
Received Import Request.
  Time since last request: 0.031947 seconds.
  path: Assets/Player/Marker.prefab
  artifactKey: Guid(718b5c2a44bca7e4c9d314b760d55cf5) Importer(815301076,1909f56bfc062723c751e8b465ee728b)
Start importing Assets/Player/Marker.prefab using Guid(718b5c2a44bca7e4c9d314b760d55cf5) Importer(815301076,1909f56bfc062723c751e8b465ee728b)  -> (artifact id: 'e5aebfac48286a97a5f09ea0f66aa3b5') in 0.017197 seconds 
Number of updated asset objects reloaded before import = 0
Number of asset objects unloaded after import = 8
========================================================================
Received Import Request.
  Time since last request: 15.105341 seconds.
  path: Assets/Audio
  artifactKey: Guid(3c52685f2d9c7d746a091b9391a1bcbd) Importer(815301076,1909f56bfc062723c751e8b465ee728b)
Start importing Assets/Audio using Guid(3c52685f2d9c7d746a091b9391a1bcbd) Importer(815301076,1909f56bfc062723c751e8b465ee728b)  -> (artifact id: '3816894e5a20fd3f5a15bae530507a20') in 0.000508 seconds 
Number of updated asset objects reloaded before import = 0
Number of asset objects unloaded after import = 0
========================================================================
Received Import Request.
  Time since last request: 0.059488 seconds.
  path: Assets/Audio/AmbientSoundEmitter.prefab
  artifactKey: Guid(1ca1f28dafd7ae54eb38978c626f8036) Importer(815301076,1909f56bfc062723c751e8b465ee728b)
Start importing Assets/Audio/AmbientSoundEmitter.prefab using Guid(1ca1f28dafd7ae54eb38978c626f8036) Importer(815301076,1909f56bfc062723c751e8b465ee728b)  -> (artifact id: 'f8406f3c397ce4539ad2033a96f2c9be') in 0.002609 seconds 
Number of updated asset objects reloaded before import = 0
Number of asset objects unloaded after import = 6
========================================================================
Received Import Request.
  Time since last request: 0.000017 seconds.
  path: Assets/Audio/theme.wav
  artifactKey: Guid(0cc0a3e88f4cf11459d9298bf1d8daf6) Importer(815301076,1909f56bfc062723c751e8b465ee728b)
Start importing Assets/Audio/theme.wav using Guid(0cc0a3e88f4cf11459d9298bf1d8daf6) Importer(815301076,1909f56bfc062723c751e8b465ee728b)  -> (artifact id: '862e5093e5da4436201ef578eb42452e') in 0.012658 seconds 
Number of updated asset objects reloaded before import = 0
Number of asset objects unloaded after import = 2
========================================================================
Received Import Request.
  Time since last request: 7.392684 seconds.
  path: Assets/HDRP
  artifactKey: Guid(fa1f169cf8c43184282e32c2c7e92659) Importer(815301076,1909f56bfc062723c751e8b465ee728b)
Start importing Assets/HDRP using Guid(fa1f169cf8c43184282e32c2c7e92659) Importer(815301076,1909f56bfc062723c751e8b465ee728b)  -> (artifact id: '7fae205a20cab36a50e3e1b4b0bba6c9') in 0.000557 seconds 
Number of updated asset objects reloaded before import = 0
Number of asset objects unloaded after import = 0
========================================================================
Received Import Request.
  Time since last request: 581.770176 seconds.
  path: Assets/Environment/Structures/Pads/Pads.prefab
  artifactKey: Guid(b4cf7884f372b554ba6f33aeff423992) Importer(815301076,1909f56bfc062723c751e8b465ee728b)
Start importing Assets/Environment/Structures/Pads/Pads.prefab using Guid(b4cf7884f372b554ba6f33aeff423992) Importer(815301076,1909f56bfc062723c751e8b465ee728b)  -> (artifact id: 'f338100f093279e37f903ec57fb2e1ff') in 0.022556 seconds 
Number of updated asset objects reloaded before import = 0
Number of asset objects unloaded after import = 586
========================================================================
Received Import Request.
  Time since last request: 6.631471 seconds.
  path: Assets/Environment/Structures/Rings/Rings.prefab
  artifactKey: Guid(56a71d51cb1f2a9419a44f06c6019346) Importer(815301076,1909f56bfc062723c751e8b465ee728b)
Start importing Assets/Environment/Structures/Rings/Rings.prefab using Guid(56a71d51cb1f2a9419a44f06c6019346) Importer(815301076,1909f56bfc062723c751e8b465ee728b)  -> (artifact id: 'dc248b99158b0637053c79b35c415127') in 0.050174 seconds 
Number of updated asset objects reloaded before import = 0
Number of asset objects unloaded after import = 108
========================================================================
Received Import Request.
  Time since last request: 462.686712 seconds.
  path: Packages/com.unity.render-pipelines.high-definition/Runtime/Material/Lit/Lit.hlsl
  artifactKey: Guid(103bcc6c90ed7124f8474d354c0171ba) Importer(815301076,1909f56bfc062723c751e8b465ee728b)
Start importing Packages/com.unity.render-pipelines.high-definition/Runtime/Material/Lit/Lit.hlsl using Guid(103bcc6c90ed7124f8474d354c0171ba) Importer(815301076,1909f56bfc062723c751e8b465ee728b)  -> (artifact id: '8446cc64ac046c822c5f9262166d610f') in 0.001217 seconds 
Number of updated asset objects reloaded before import = 0
Number of asset objects unloaded after import = 1
========================================================================
Received Import Request.
  Time since last request: 0.000030 seconds.
  path: Packages/com.unity.render-pipelines.high-definition/Runtime/Material/Lit/LitDataDisplacement.hlsl
  artifactKey: Guid(1ee517c3caa96594ca34977000fa20a7) Importer(815301076,1909f56bfc062723c751e8b465ee728b)
Start importing Packages/com.unity.render-pipelines.high-definition/Runtime/Material/Lit/LitDataDisplacement.hlsl using Guid(1ee517c3caa96594ca34977000fa20a7) Importer(815301076,1909f56bfc062723c751e8b465ee728b)  -> (artifact id: '1e9ff71c89044ff79e8a424ab9d0d5b6') in 0.013196 seconds 
Number of updated asset objects reloaded before import = 0
Number of asset objects unloaded after import = 1
========================================================================
Received Import Request.
  Time since last request: 0.000066 seconds.
  path: Packages/com.unity.render-pipelines.high-definition/Runtime/Material/Lit/SimpleLit.hlsl
  artifactKey: Guid(9e57cbfe2fa0bf645a37e5563eab8147) Importer(815301076,1909f56bfc062723c751e8b465ee728b)
Start importing Packages/com.unity.render-pipelines.high-definition/Runtime/Material/Lit/SimpleLit.hlsl using Guid(9e57cbfe2fa0bf645a37e5563eab8147) Importer(815301076,1909f56bfc062723c751e8b465ee728b)  -> (artifact id: 'a8ed9b3140994558bb5427ea6b75a28a') in 0.001988 seconds 
Number of updated asset objects reloaded before import = 0
Number of asset objects unloaded after import = 1
========================================================================
Received Import Request.
  Time since last request: 0.000023 seconds.
  path: Packages/com.unity.render-pipelines.high-definition/Runtime/Material/Lit/LitReference.hlsl
  artifactKey: Guid(0406917314064054eb0ef42f727a8889) Importer(815301076,1909f56bfc062723c751e8b465ee728b)
Start importing Packages/com.unity.render-pipelines.high-definition/Runtime/Material/Lit/LitReference.hlsl using Guid(0406917314064054eb0ef42f727a8889) Importer(815301076,1909f56bfc062723c751e8b465ee728b)  -> (artifact id: '223de591cafbdacdc60e77630ac67984') in 0.000977 seconds 
Number of updated asset objects reloaded before import = 0
Number of asset objects unloaded after import = 1
========================================================================
Received Import Request.
  Time since last request: 0.000016 seconds.
  path: Packages/com.unity.render-pipelines.high-definition/Runtime/Material/Lit/LitDataIndividualLayer.hlsl
  artifactKey: Guid(9460fe0fb917f0c4cbc8da701890bb96) Importer(815301076,1909f56bfc062723c751e8b465ee728b)
Start importing Packages/com.unity.render-pipelines.high-definition/Runtime/Material/Lit/LitDataIndividualLayer.hlsl using Guid(9460fe0fb917f0c4cbc8da701890bb96) Importer(815301076,1909f56bfc062723c751e8b465ee728b)  -> (artifact id: 'b761465c6ced6c349e3ed73f7f959a69') in 0.023403 seconds 
Number of updated asset objects reloaded before import = 0
Number of asset objects unloaded after import = 1
========================================================================
Received Import Request.
  Time since last request: 0.000022 seconds.
  path: Packages/com.unity.render-pipelines.high-definition/Runtime/Material/Lit/LitProperties.hlsl
  artifactKey: Guid(edd4a01243e14f04687542aee1f03b8a) Importer(815301076,1909f56bfc062723c751e8b465ee728b)
Start importing Packages/com.unity.render-pipelines.high-definition/Runtime/Material/Lit/LitProperties.hlsl using Guid(edd4a01243e14f04687542aee1f03b8a) Importer(815301076,1909f56bfc062723c751e8b465ee728b)  -> (artifact id: '08bc2ba476284574389c4d3036fcd014') in 0.001497 seconds 
Number of updated asset objects reloaded before import = 0
Number of asset objects unloaded after import = 1
========================================================================
Received Import Request.
  Time since last request: 173.532525 seconds.
  path: Assets/Environment/Structures/Strings/String.prefab
  artifactKey: Guid(19b223d55b282314596ef584d8206ff5) Importer(815301076,1909f56bfc062723c751e8b465ee728b)
Start importing Assets/Environment/Structures/Strings/String.prefab using Guid(19b223d55b282314596ef584d8206ff5) Importer(815301076,1909f56bfc062723c751e8b465ee728b)  -> (artifact id: '38b896d64057b76704d52bb6f4d07f08') in 0.481504 seconds 
Number of updated asset objects reloaded before import = 13
Number of asset objects unloaded after import = 10
========================================================================
Received Import Request.
  Time since last request: 0.000026 seconds.
  path: Assets/Environment/Structures/Strings/string cube.fbx
  artifactKey: Guid(74422b065e24ccc4c95290b7a45e0a24) Importer(815301076,1909f56bfc062723c751e8b465ee728b)
Start importing Assets/Environment/Structures/Strings/string cube.fbx using Guid(74422b065e24ccc4c95290b7a45e0a24) Importer(815301076,1909f56bfc062723c751e8b465ee728b)  -> (artifact id: 'b15e89e2ea551927c6a5488d260d6f8a') in 0.048566 seconds 
Number of updated asset objects reloaded before import = 0
Number of asset objects unloaded after import = 8
========================================================================
Received Import Request.
  Time since last request: 0.000031 seconds.
  path: Assets/Environment/Structures/Strings/Strings.prefab
  artifactKey: Guid(7d127f13d1c1cbf4cac1552a47070896) Importer(815301076,1909f56bfc062723c751e8b465ee728b)
Start importing Assets/Environment/Structures/Strings/Strings.prefab using Guid(7d127f13d1c1cbf4cac1552a47070896) Importer(815301076,1909f56bfc062723c751e8b465ee728b)  -> (artifact id: 'b4ab888fec571fe337dfc1b730f7fff3') in 0.030028 seconds 
Number of updated asset objects reloaded before import = 0
Number of asset objects unloaded after import = 178
========================================================================
Received Import Request.
  Time since last request: 2.026844 seconds.
  path: Assets/Environment/Structures/Rings/rings.fbx
  artifactKey: Guid(9c8a6acafa82251499f4f5939d66808d) Importer(815301076,1909f56bfc062723c751e8b465ee728b)
Start importing Assets/Environment/Structures/Rings/rings.fbx using Guid(9c8a6acafa82251499f4f5939d66808d) Importer(815301076,1909f56bfc062723c751e8b465ee728b)  -> (artifact id: '788da1cafb9a881a6aa94b59987ec16d') in 0.182849 seconds 
Number of updated asset objects reloaded before import = 0
Number of asset objects unloaded after import = 40
========================================================================
Received Import Request.
  Time since last request: 2.392302 seconds.
  path: Assets/Environment/Structures/Monolith/monolith_lp.fbx
  artifactKey: Guid(85219d1c82d8fd543bce6a640099676c) Importer(815301076,1909f56bfc062723c751e8b465ee728b)
Start importing Assets/Environment/Structures/Monolith/monolith_lp.fbx using Guid(85219d1c82d8fd543bce6a640099676c) Importer(815301076,1909f56bfc062723c751e8b465ee728b)  -> (artifact id: '5f77ebd985dda10bd0c99db19119d400') in 0.035445 seconds 
Number of updated asset objects reloaded before import = 0
Number of asset objects unloaded after import = 8
========================================================================
Received Prepare
Begin MonoManager ReloadAssembly
- Loaded All Assemblies, in  0.490 seconds
Refreshing native plugins compatible for Editor in 1.70 ms, found 0 plugins.
Native extension for WindowsStandalone target not found
Mono: successfully reloaded assembly
- Finished resetting the current domain, in  0.822 seconds
Domain Reload Profiling:
	ReloadAssembly (204ms)
		BeginReloadAssembly (151ms)
			ExecutionOrderSort (0ms)
			DisableScriptedObjects (28ms)
			BackupInstance (0ms)
			ReleaseScriptingObjects (0ms)
			CreateAndSetChildDomain (37ms)
		LoadAllAssembliesAndSetupDomain (283ms)
			LoadAssemblies (180ms)
			RebuildTransferFunctionScriptingTraits (0ms)
			SetupTypeCache (150ms)
				TypeCache.Initialize (143ms)
					TypeCache.ScanAssembly (139ms)
				ResolveRequiredComponents (7ms)
		FinalizeReload (0ms)
			ReleaseScriptCaches (0ms)
			RebuildScriptCaches (0ms)
			SetupLoadedEditorAssemblies (234ms)
				LogAssemblyErrors (0ms)
				InitializePlatformSupportModulesInManaged (6ms)
				SetLoadedEditorAssemblies (2ms)
				RefreshPlugins (0ms)
				BeforeProcessingInitializeOnLoad (49ms)
				ProcessInitializeOnLoadAttributes (146ms)
				ProcessInitializeOnLoadMethodAttributes (24ms)
				AfterProcessingInitializeOnLoad (7ms)
				EditorAssembliesLoaded (0ms)
			ExecutionOrderSort2 (0ms)
			AwakeInstancesAfterBackupRestoration (35ms)
Refreshing native plugins compatible for Editor in 1.28 ms, found 0 plugins.
Preloading 0 native plugins for Editor in 0.00 ms.
Unloading 3656 Unused Serialized files (Serialized files now loaded: 0)
Unloading 57 unused Assets / (3.5 MB). Loaded Objects now: 4783.
Memory consumption went from 200.4 MB to 196.9 MB.
Total: 3.308500 ms (FindLiveObjects: 0.229400 ms CreateObjectMapping: 0.086800 ms MarkObjects: 2.440000 ms  DeleteObjects: 0.551500 ms)

Prepare: number of updated asset objects reloaded= 1
AssetImportParameters requested are different than current active one (requested -> active):
  custom:container-demuxer-ogg: 62fdf1f143b41e24485cea50d1cbac27 -> 
  custom:video-decoder-ogg-theora: a1e56fd34408186e4bbccfd4996cb3dc -> 
  custom:framework-win-MediaFoundation: 216162199b28c13a410421893ffa2e32 -> 
  custom:container-demuxer-webm: 4f35f7cbe854078d1ac9338744f61a02 -> 
  custom:container-muxer-webm: aa71ff27fc2769a1b78a27578f13a17b -> 
  custom:video-decoder-webm-vp8: 9c59270c3fd7afecdb556c50c9e8de78 -> 
  custom:AudioImporter_EditorPlatform: d09bf68614088b80899f8185d706f6e7 -> 
  custom:video-encoder-webm-vp8: eb34c28f22e8b96e1ab97ce403110664 -> 
  custom:audio-decoder-ogg-vorbis: bf7c407c2cedff20999df2af8eb42d56 -> 
  custom:audio-encoder-webm-vorbis: bf7c407c2cedff20999df2af8eb42d56 -> 
