Using pre-set license
Built from '2022.2/staging' branch; Version is '2022.2.11f1 (621cd60d08fd) revision 6429910'; Using compiler version '192829333'; Build Type 'Release'
OS: 'Windows 10  (10.0.19044) 64bit Professional' Language: 'en' Physical Memory: 16330 MB
BatchMode: 1, IsHumanControllingUs: 0, StartBugReporterOnCrash: 0, Is64bit: 1, IsPro: 1

COMMAND LINE ARGUMENTS:
C:\Program Files\Unity\Hub\Editor\2022.2.11f1\Editor\Unity.exe
-adb2
-batchMode
-noUpm
-name
AssetImportWorker2
-projectPath
C:/~/Projects/Code/Engine/Qurotema/Qurotema 2
-logFile
Logs/AssetImportWorker2.log
-srvPort
51578
Successfully changed project path to: C:/~/Projects/Code/Engine/Qurotema/Qurotema 2
C:/~/Projects/Code/Engine/Qurotema/Qurotema 2
[UnityMemory] Configuration Parameters - Can be set up in boot.config
    "memorysetup-bucket-allocator-granularity=16"
    "memorysetup-bucket-allocator-bucket-count=8"
    "memorysetup-bucket-allocator-block-size=33554432"
    "memorysetup-bucket-allocator-block-count=8"
    "memorysetup-main-allocator-block-size=16777216"
    "memorysetup-thread-allocator-block-size=16777216"
    "memorysetup-gfx-main-allocator-block-size=16777216"
    "memorysetup-gfx-thread-allocator-block-size=16777216"
    "memorysetup-cache-allocator-block-size=4194304"
    "memorysetup-typetree-allocator-block-size=2097152"
    "memorysetup-profiler-bucket-allocator-granularity=16"
    "memorysetup-profiler-bucket-allocator-bucket-count=8"
    "memorysetup-profiler-bucket-allocator-block-size=33554432"
    "memorysetup-profiler-bucket-allocator-block-count=8"
    "memorysetup-profiler-allocator-block-size=16777216"
    "memorysetup-profiler-editor-allocator-block-size=1048576"
    "memorysetup-temp-allocator-size-main=16777216"
    "memorysetup-job-temp-allocator-block-size=2097152"
    "memorysetup-job-temp-allocator-block-size-background=1048576"
    "memorysetup-job-temp-allocator-reduction-small-platforms=262144"
    "memorysetup-temp-allocator-size-background-worker=32768"
    "memorysetup-temp-allocator-size-job-worker=262144"
    "memorysetup-temp-allocator-size-preload-manager=33554432"
    "memorysetup-temp-allocator-size-nav-mesh-worker=65536"
    "memorysetup-temp-allocator-size-audio-worker=65536"
    "memorysetup-temp-allocator-size-cloud-worker=32768"
    "memorysetup-temp-allocator-size-gi-baking-worker=262144"
    "memorysetup-temp-allocator-size-gfx=262144"
Player connection [16380] Host "[IP] 192.168.0.16 [Port] 0 [Flags] 2 [Guid] 3127282088 [EditorId] 3127282088 [Version] 1048832 [Id] WindowsEditor(7,DESKTOP-3BG6OR5) [Debug] 1 [PackageName] WindowsEditor [ProjectName] Editor" joined multi-casting on [225.0.0.222:54997]...

Player connection [16380] Host "[IP] 192.168.0.16 [Port] 0 [Flags] 2 [Guid] 3127282088 [EditorId] 3127282088 [Version] 1048832 [Id] WindowsEditor(7,DESKTOP-3BG6OR5) [Debug] 1 [PackageName] WindowsEditor [ProjectName] Editor" joined alternative multi-casting on [225.0.0.222:34997]...

Refreshing native plugins compatible for Editor in 3.62 ms, found 0 plugins.
Preloading 0 native plugins for Editor in 0.00 ms.
Initialize engine version: 2022.2.11f1 (621cd60d08fd)
[Subsystems] Discovering subsystems at path C:/Program Files/Unity/Hub/Editor/2022.2.11f1/Editor/Data/Resources/UnitySubsystems
[Subsystems] Discovering subsystems at path C:/~/Projects/Code/Engine/Qurotema/Qurotema 2/Assets
GfxDevice: creating device client; threaded=0; jobified=0
Direct3D:
    Version:  Direct3D 11.0 [level 11.1]
    Renderer: NVIDIA GeForce RTX 3080 (ID=0x2206)
    Vendor:   NVIDIA
    VRAM:     10067 MB
    Driver:   31.0.15.2849
Initialize mono
Mono path[0] = 'C:/Program Files/Unity/Hub/Editor/2022.2.11f1/Editor/Data/Managed'
Mono path[1] = 'C:/Program Files/Unity/Hub/Editor/2022.2.11f1/Editor/Data/MonoBleedingEdge/lib/mono/unityjit-win32'
Mono config path = 'C:/Program Files/Unity/Hub/Editor/2022.2.11f1/Editor/Data/MonoBleedingEdge/etc'
Using monoOptions --debugger-agent=transport=dt_socket,embedding=1,server=y,suspend=n,address=127.0.0.1:56124
Begin MonoManager ReloadAssembly
Registering precompiled unity dll's ...
Register platform support module: C:/Program Files/Unity/Hub/Editor/2022.2.11f1/Editor/Data/PlaybackEngines/WindowsStandaloneSupport/UnityEditor.WindowsStandalone.Extensions.dll
Registered in 0.007378 seconds.
- Loaded All Assemblies, in  0.226 seconds
Native extension for WindowsStandalone target not found
Mono: successfully reloaded assembly
- Finished resetting the current domain, in  0.187 seconds
Domain Reload Profiling:
	ReloadAssembly (138ms)
		BeginReloadAssembly (62ms)
			ExecutionOrderSort (0ms)
			DisableScriptedObjects (0ms)
			BackupInstance (0ms)
			ReleaseScriptingObjects (0ms)
			CreateAndSetChildDomain (1ms)
		LoadAllAssembliesAndSetupDomain (0ms)
			LoadAssemblies (59ms)
			RebuildTransferFunctionScriptingTraits (0ms)
			SetupTypeCache (81ms)
				TypeCache.Initialize (81ms)
					TypeCache.ScanAssembly (79ms)
				ResolveRequiredComponents (0ms)
		FinalizeReload (0ms)
			ReleaseScriptCaches (0ms)
			RebuildScriptCaches (0ms)
			SetupLoadedEditorAssemblies (148ms)
				LogAssemblyErrors (0ms)
				InitializePlatformSupportModulesInManaged (7ms)
				SetLoadedEditorAssemblies (5ms)
				RefreshPlugins (0ms)
				BeforeProcessingInitializeOnLoad (1ms)
				ProcessInitializeOnLoadAttributes (98ms)
				ProcessInitializeOnLoadMethodAttributes (37ms)
				AfterProcessingInitializeOnLoad (0ms)
				EditorAssembliesLoaded (0ms)
			ExecutionOrderSort2 (0ms)
			AwakeInstancesAfterBackupRestoration (0ms)
========================================================================
Worker process is ready to serve import requests
Begin MonoManager ReloadAssembly
- Loaded All Assemblies, in  0.417 seconds
Refreshing native plugins compatible for Editor in 1.24 ms, found 0 plugins.
Native extension for WindowsStandalone target not found
Mono: successfully reloaded assembly
- Finished resetting the current domain, in  0.504 seconds
Domain Reload Profiling:
	ReloadAssembly (147ms)
		BeginReloadAssembly (92ms)
			ExecutionOrderSort (0ms)
			DisableScriptedObjects (4ms)
			BackupInstance (0ms)
			ReleaseScriptingObjects (0ms)
			CreateAndSetChildDomain (17ms)
		LoadAllAssembliesAndSetupDomain (266ms)
			LoadAssemblies (155ms)
			RebuildTransferFunctionScriptingTraits (0ms)
			SetupTypeCache (153ms)
				TypeCache.Initialize (136ms)
					TypeCache.ScanAssembly (133ms)
				ResolveRequiredComponents (6ms)
		FinalizeReload (0ms)
			ReleaseScriptCaches (0ms)
			RebuildScriptCaches (0ms)
			SetupLoadedEditorAssemblies (392ms)
				LogAssemblyErrors (0ms)
				InitializePlatformSupportModulesInManaged (5ms)
				SetLoadedEditorAssemblies (3ms)
				RefreshPlugins (0ms)
				BeforeProcessingInitializeOnLoad (48ms)
				ProcessInitializeOnLoadAttributes (165ms)
				ProcessInitializeOnLoadMethodAttributes (164ms)
				AfterProcessingInitializeOnLoad (7ms)
				EditorAssembliesLoaded (0ms)
			ExecutionOrderSort2 (0ms)
			AwakeInstancesAfterBackupRestoration (6ms)
Launched and connected shader compiler UnityShaderCompiler.exe after 0.05 seconds
Refreshing native plugins compatible for Editor in 1.62 ms, found 0 plugins.
Preloading 0 native plugins for Editor in 0.00 ms.
Unloading 4024 Unused Serialized files (Serialized files now loaded: 0)
Unloading 67 unused Assets / (1.3 MB). Loaded Objects now: 4528.
Memory consumption went from 236.8 MB to 235.5 MB.
Total: 3.975500 ms (FindLiveObjects: 0.559900 ms CreateObjectMapping: 0.213800 ms MarkObjects: 2.883500 ms  DeleteObjects: 0.317300 ms)

AssetImportParameters requested are different than current active one (requested -> active):
  custom:container-demuxer-ogg: 62fdf1f143b41e24485cea50d1cbac27 -> 
  custom:scripting/monoscript/fileName/RingsBehavior.cs: aa8ba12c0570689598fddb4bc0f279ea -> 50a73417fefafb6fe3d598950ca6c2e3
  custom:video-decoder-ogg-theora: a1e56fd34408186e4bbccfd4996cb3dc -> 
  custom:framework-win-MediaFoundation: 216162199b28c13a410421893ffa2e32 -> 
  custom:scripting/monoscript/fileName/RingsTrigger.cs: 462e767954a51178976613df6c29254d -> f27cc0a6b5fc4c616ce95ccff9f628aa
  custom:container-demuxer-webm: 4f35f7cbe854078d1ac9338744f61a02 -> 
  custom:scripting/monoscript/fileName/StringNode.cs: b3c486fad9263907eff6c50d00c01887 -> 59a869ad05aa6e330d86c02ef82e9afa
  custom:container-muxer-webm: aa71ff27fc2769a1b78a27578f13a17b -> 
  custom:video-decoder-webm-vp8: 9c59270c3fd7afecdb556c50c9e8de78 -> 
  custom:scripting/monoscript/fileName/Pad.cs: fd003e61df230cda093b11adbbca924b -> 54f394afee2fea51f849b13c6f7671c8
  custom:AudioImporter_EditorPlatform: d09bf68614088b80899f8185d706f6e7 -> 
  custom:scripting/monoscript/fileName/StringCord.cs: 7ca0dd46a1a4eef63f3494e041052610 -> acb1a4f2f7f45f72dc03473ca4fcf291
  custom:video-encoder-webm-vp8: eb34c28f22e8b96e1ab97ce403110664 -> 
  custom:audio-decoder-ogg-vorbis: bf7c407c2cedff20999df2af8eb42d56 -> 
  custom:audio-encoder-webm-vorbis: bf7c407c2cedff20999df2af8eb42d56 -> 
========================================================================
Received Import Request.
  Time since last request: 303273.681080 seconds.
  path: Assets/Environment/Structures/Pads/Pads.prefab
  artifactKey: Guid(b4cf7884f372b554ba6f33aeff423992) Importer(815301076,1909f56bfc062723c751e8b465ee728b)
Start importing Assets/Environment/Structures/Pads/Pads.prefab using Guid(b4cf7884f372b554ba6f33aeff423992) Importer(815301076,1909f56bfc062723c751e8b465ee728b)  -> (artifact id: '16061e1b8068e131c42952595cf84106') in 0.633559 seconds 
Number of updated asset objects reloaded before import = 13
Number of asset objects unloaded after import = 587
========================================================================
Received Import Request.
  Time since last request: 11.386271 seconds.
  path: Assets/Environment/Structures/Pads/Pads.prefab
  artifactKey: Guid(b4cf7884f372b554ba6f33aeff423992) Importer(815301076,1909f56bfc062723c751e8b465ee728b)
Start importing Assets/Environment/Structures/Pads/Pads.prefab using Guid(b4cf7884f372b554ba6f33aeff423992) Importer(815301076,1909f56bfc062723c751e8b465ee728b)  -> (artifact id: '3569ea4b9f033e2982f5880835401a23') in 0.021447 seconds 
Number of updated asset objects reloaded before import = 0
Number of asset objects unloaded after import = 586
========================================================================
Received Import Request.
  Time since last request: 0.961994 seconds.
  path: Assets/Environment/Structures/Pads/Pads.prefab
  artifactKey: Guid(b4cf7884f372b554ba6f33aeff423992) Importer(815301076,1909f56bfc062723c751e8b465ee728b)
Start importing Assets/Environment/Structures/Pads/Pads.prefab using Guid(b4cf7884f372b554ba6f33aeff423992) Importer(815301076,1909f56bfc062723c751e8b465ee728b)  -> (artifact id: 'a3af318985e94083bce2d9d39b3fc888') in 0.061883 seconds 
Number of updated asset objects reloaded before import = 0
Number of asset objects unloaded after import = 586
========================================================================
Received Import Request.
  Time since last request: 0.530761 seconds.
  path: Assets/Environment/Structures/Pads/Pads.prefab
  artifactKey: Guid(b4cf7884f372b554ba6f33aeff423992) Importer(815301076,1909f56bfc062723c751e8b465ee728b)
Start importing Assets/Environment/Structures/Pads/Pads.prefab using Guid(b4cf7884f372b554ba6f33aeff423992) Importer(815301076,1909f56bfc062723c751e8b465ee728b)  -> (artifact id: 'db5e67b839497729afef745926a98e8e') in 0.029239 seconds 
Number of updated asset objects reloaded before import = 0
Number of asset objects unloaded after import = 586
========================================================================
Received Import Request.
  Time since last request: 94.965629 seconds.
  path: Assets/Environment/Structures/Strings/String.mat
  artifactKey: Guid(7d8531fdec4fdf1459e92274b04464d8) Importer(815301076,1909f56bfc062723c751e8b465ee728b)
Start importing Assets/Environment/Structures/Strings/String.mat using Guid(7d8531fdec4fdf1459e92274b04464d8) Importer(815301076,1909f56bfc062723c751e8b465ee728b)  -> (artifact id: 'be5f329d5f766980177dc2fc7b55cf1b') in 0.499238 seconds 
Number of updated asset objects reloaded before import = 0
Number of asset objects unloaded after import = 1
========================================================================
Received Import Request.
  Time since last request: 0.000027 seconds.
  path: Assets/Environment/Structures/Strings/strings platform.fbx
  artifactKey: Guid(2624dddf6e6c07b428fb76475b5a0a30) Importer(815301076,1909f56bfc062723c751e8b465ee728b)
Start importing Assets/Environment/Structures/Strings/strings platform.fbx using Guid(2624dddf6e6c07b428fb76475b5a0a30) Importer(815301076,1909f56bfc062723c751e8b465ee728b)  -> (artifact id: 'b330eaccfa2a69e5344ed94443c33d99') in 0.045502 seconds 
Number of updated asset objects reloaded before import = 0
Number of asset objects unloaded after import = 8
========================================================================
Received Import Request.
  Time since last request: 2.074524 seconds.
  path: Assets/Environment/Structures/Rings/ring trigger.fbx
  artifactKey: Guid(a0081ebcd04c2774aa93dbf490e41222) Importer(815301076,1909f56bfc062723c751e8b465ee728b)
Start importing Assets/Environment/Structures/Rings/ring trigger.fbx using Guid(a0081ebcd04c2774aa93dbf490e41222) Importer(815301076,1909f56bfc062723c751e8b465ee728b)  -> (artifact id: 'c388abf9ec2820a1288b8b5cc5b9a573') in 0.045210 seconds 
Number of updated asset objects reloaded before import = 0
Number of asset objects unloaded after import = 8
========================================================================
Received Import Request.
  Time since last request: 0.000021 seconds.
  path: Assets/Environment/Structures/Rings/Rings.prefab
  artifactKey: Guid(56a71d51cb1f2a9419a44f06c6019346) Importer(815301076,1909f56bfc062723c751e8b465ee728b)
Start importing Assets/Environment/Structures/Rings/Rings.prefab using Guid(56a71d51cb1f2a9419a44f06c6019346) Importer(815301076,1909f56bfc062723c751e8b465ee728b)  -> (artifact id: '01ddba036b72dd95232b4217f0de9682') in 0.020452 seconds 
Number of updated asset objects reloaded before import = 0
Number of asset objects unloaded after import = 108
========================================================================
Received Import Request.
  Time since last request: 2.488174 seconds.
  path: Assets/Environment/Structures/Monolith/Monolith.prefab
  artifactKey: Guid(90a8f6f3a4021c342990a3502c946c7f) Importer(815301076,1909f56bfc062723c751e8b465ee728b)
Start importing Assets/Environment/Structures/Monolith/Monolith.prefab using Guid(90a8f6f3a4021c342990a3502c946c7f) Importer(815301076,1909f56bfc062723c751e8b465ee728b)  -> (artifact id: 'b68450628ceb9a595d07f7167bca06a4') in 0.028660 seconds 
Number of updated asset objects reloaded before import = 0
Number of asset objects unloaded after import = 35
========================================================================
Received Import Request.
  Time since last request: 1.742589 seconds.
  path: Assets/Environment/Structures/Gates/Gates.fbx
  artifactKey: Guid(1cc33a43e5c194049a752465a4ce1abf) Importer(815301076,1909f56bfc062723c751e8b465ee728b)
Start importing Assets/Environment/Structures/Gates/Gates.fbx using Guid(1cc33a43e5c194049a752465a4ce1abf) Importer(815301076,1909f56bfc062723c751e8b465ee728b)  -> (artifact id: '5bf066d6e2815174977d8cf6accb8d6a') in 0.054120 seconds 
Number of updated asset objects reloaded before import = 0
Number of asset objects unloaded after import = 8
========================================================================
Received Import Request.
  Time since last request: 7.244397 seconds.
  path: Assets/Environment/Sky/Sun.mat
  artifactKey: Guid(ccd7c8fa265acfd4e9376edd1e7a8fec) Importer(815301076,1909f56bfc062723c751e8b465ee728b)
Start importing Assets/Environment/Sky/Sun.mat using Guid(ccd7c8fa265acfd4e9376edd1e7a8fec) Importer(815301076,1909f56bfc062723c751e8b465ee728b)  -> (artifact id: 'c7fab6318cb5ee0888b976662275a87e') in 0.134410 seconds 
Number of updated asset objects reloaded before import = 0
Number of asset objects unloaded after import = 1
========================================================================
Received Import Request.
  Time since last request: 0.828327 seconds.
  path: Assets/Environment/Sky/Sun.shadergraph
  artifactKey: Guid(8c0dea55afaf4a64f8af74cea9c16a59) Importer(815301076,1909f56bfc062723c751e8b465ee728b)
Start importing Assets/Environment/Sky/Sun.shadergraph using Guid(8c0dea55afaf4a64f8af74cea9c16a59) Importer(815301076,1909f56bfc062723c751e8b465ee728b)  -> (artifact id: '7d1e7cd1c76f28defcac3c5715d47687') in 0.012605 seconds 
Number of updated asset objects reloaded before import = 0
Number of asset objects unloaded after import = 1
========================================================================
Received Import Request.
  Time since last request: 87.386554 seconds.
  path: Assets/Environment/Sky/Sun.mat
  artifactKey: Guid(ccd7c8fa265acfd4e9376edd1e7a8fec) Importer(815301076,1909f56bfc062723c751e8b465ee728b)
Start importing Assets/Environment/Sky/Sun.mat using Guid(ccd7c8fa265acfd4e9376edd1e7a8fec) Importer(815301076,1909f56bfc062723c751e8b465ee728b)  -> (artifact id: 'f3a4372ed0064ad54145237c3d42489f') in 0.137309 seconds 
Number of updated asset objects reloaded before import = 1
Number of asset objects unloaded after import = 1
========================================================================
Received Import Request.
  Time since last request: 25.634465 seconds.
  path: Assets/Environment/Sky/Sun.mat
  artifactKey: Guid(ccd7c8fa265acfd4e9376edd1e7a8fec) Importer(815301076,1909f56bfc062723c751e8b465ee728b)
Start importing Assets/Environment/Sky/Sun.mat using Guid(ccd7c8fa265acfd4e9376edd1e7a8fec) Importer(815301076,1909f56bfc062723c751e8b465ee728b)  -> (artifact id: '1a3b28829d1ebe040d78c89f1ef8ecb2') in 0.263439 seconds 
Number of updated asset objects reloaded before import = 0
Number of asset objects unloaded after import = 1
========================================================================
Received Prepare
Begin MonoManager ReloadAssembly
- Loaded All Assemblies, in  0.497 seconds
Refreshing native plugins compatible for Editor in 1.13 ms, found 0 plugins.
Native extension for WindowsStandalone target not found
Mono: successfully reloaded assembly
- Finished resetting the current domain, in  0.815 seconds
Domain Reload Profiling:
	ReloadAssembly (205ms)
		BeginReloadAssembly (151ms)
			ExecutionOrderSort (0ms)
			DisableScriptedObjects (24ms)
			BackupInstance (0ms)
			ReleaseScriptingObjects (0ms)
			CreateAndSetChildDomain (44ms)
		LoadAllAssembliesAndSetupDomain (289ms)
			LoadAssemblies (171ms)
			RebuildTransferFunctionScriptingTraits (0ms)
			SetupTypeCache (160ms)
				TypeCache.Initialize (154ms)
					TypeCache.ScanAssembly (150ms)
				ResolveRequiredComponents (6ms)
		FinalizeReload (0ms)
			ReleaseScriptCaches (0ms)
			RebuildScriptCaches (0ms)
			SetupLoadedEditorAssemblies (235ms)
				LogAssemblyErrors (0ms)
				InitializePlatformSupportModulesInManaged (6ms)
				SetLoadedEditorAssemblies (2ms)
				RefreshPlugins (0ms)
				BeforeProcessingInitializeOnLoad (50ms)
				ProcessInitializeOnLoadAttributes (144ms)
				ProcessInitializeOnLoadMethodAttributes (25ms)
				AfterProcessingInitializeOnLoad (8ms)
				EditorAssembliesLoaded (0ms)
			ExecutionOrderSort2 (0ms)
			AwakeInstancesAfterBackupRestoration (34ms)
Refreshing native plugins compatible for Editor in 1.60 ms, found 0 plugins.
Preloading 0 native plugins for Editor in 0.00 ms.
Unloading 3639 Unused Serialized files (Serialized files now loaded: 0)
Unloading 71 unused Assets / (3.6 MB). Loaded Objects now: 4661.
Memory consumption went from 197.8 MB to 194.3 MB.
Total: 3.567300 ms (FindLiveObjects: 0.350700 ms CreateObjectMapping: 0.109800 ms MarkObjects: 2.533400 ms  DeleteObjects: 0.572500 ms)

Prepare: number of updated asset objects reloaded= 0
AssetImportParameters requested are different than current active one (requested -> active):
  custom:container-demuxer-ogg: 62fdf1f143b41e24485cea50d1cbac27 -> 
  custom:scripting/monoscript/fileName/RingsBehavior.cs: aa8ba12c0570689598fddb4bc0f279ea -> 50a73417fefafb6fe3d598950ca6c2e3
  custom:video-decoder-ogg-theora: a1e56fd34408186e4bbccfd4996cb3dc -> 
  custom:framework-win-MediaFoundation: 216162199b28c13a410421893ffa2e32 -> 
  custom:scripting/monoscript/fileName/RingsTrigger.cs: 462e767954a51178976613df6c29254d -> f27cc0a6b5fc4c616ce95ccff9f628aa
  custom:container-demuxer-webm: 4f35f7cbe854078d1ac9338744f61a02 -> 
  custom:scripting/monoscript/fileName/StringNode.cs: b3c486fad9263907eff6c50d00c01887 -> 59a869ad05aa6e330d86c02ef82e9afa
  custom:container-muxer-webm: aa71ff27fc2769a1b78a27578f13a17b -> 
  custom:video-decoder-webm-vp8: 9c59270c3fd7afecdb556c50c9e8de78 -> 
  custom:scripting/monoscript/fileName/Pad.cs: fd003e61df230cda093b11adbbca924b -> 54f394afee2fea51f849b13c6f7671c8
  custom:AudioImporter_EditorPlatform: d09bf68614088b80899f8185d706f6e7 -> 
  custom:scripting/monoscript/fileName/StringCord.cs: 7ca0dd46a1a4eef63f3494e041052610 -> acb1a4f2f7f45f72dc03473ca4fcf291
  custom:video-encoder-webm-vp8: eb34c28f22e8b96e1ab97ce403110664 -> 
  custom:audio-decoder-ogg-vorbis: bf7c407c2cedff20999df2af8eb42d56 -> 
  custom:audio-encoder-webm-vorbis: bf7c407c2cedff20999df2af8eb42d56 -> 
