
=== Thu Feb 18 17:35:49 2021

Packages were changed.
Update Mode: updateDependencies

The following packages were added:
  com.unity.ide.visualstudio@2.0.2
The following packages were updated:
  com.unity.ide.rider from version 1.1.0 to 1.2.1
  com.unity.ide.vscode from version 1.1.3 to 1.2.1
  com.unity.render-pipelines.high-definition from version 6.9.0-preview to 8.2.0
  com.unity.test-framework from version 1.0.13 to 1.1.16
  com.unity.textmeshpro from version 2.0.1 to 3.0.1
The following packages were removed:
  com.unity.package-manager-ui@2.2.0

=== Fri Feb 19 01:57:08 2021

Packages were changed.
Update Mode: updateDependencies

The following packages were updated:
  com.unity.ext.nunit from version 1.0.0 to 1.0.6
  com.unity.ide.rider from version 1.2.1 to 3.0.3
  com.unity.ide.visualstudio from version 2.0.2 to 2.0.5
  com.unity.ide.vscode from version 1.2.1 to 1.2.3
  com.unity.render-pipelines.high-definition from version 8.2.0 to 12.0.0
  com.unity.test-framework from version 1.1.16 to 1.1.22
  com.unity.textmeshpro from version 3.0.1 to 3.0.3

=== Mon Mar 20 17:47:28 2023

Packages were changed.
Update Mode: updateDependencies

The following packages were added:
  com.unity.ai.navigation@1.1.1
The following packages were updated:
  com.unity.ide.rider from version 3.0.3 to 3.0.16
  com.unity.ide.visualstudio from version 2.0.5 to 2.0.16
  com.unity.ide.vscode from version 1.2.3 to 1.2.5
  com.unity.render-pipelines.high-definition from version 12.0.0 to 14.0.3
  com.unity.render-pipelines.high-definition-config from version 12.0.0 to 14.0.3
  com.unity.test-framework from version 1.1.22 to 1.1.33
  com.unity.textmeshpro from version 3.0.3 to 3.0.6

=== Mon Mar 20 22:35:50 2023

Packages were changed.
Update Mode: updateDependencies

The following packages were updated:
  com.unity.ide.rider from version 3.0.16 to 3.0.18
  com.unity.ide.visualstudio from version 2.0.16 to 2.0.17
  com.unity.render-pipelines.high-definition from version 14.0.3 to 14.0.6
  com.unity.render-pipelines.high-definition-config from version 14.0.3 to 14.0.6
